<?xml version="1.0" encoding="UTF-8"?>
<testng-results skipped="0" failed="0" total="1" passed="1">
  <reporter-output>
  </reporter-output>
  <suite name="Default suite" duration-ms="24222" started-at="2019-07-29T11:41:29Z" finished-at="2019-07-29T11:41:53Z">
    <groups>
    </groups>
    <test name="Default test" duration-ms="24222" started-at="2019-07-29T11:41:29Z" finished-at="2019-07-29T11:41:53Z">
      <class name="com.qait.MobileTesting.YoutubeMobileTesting">
        <test-method status="PASS" signature="setUp()[pri:0, instance:com.qait.MobileTesting.YoutubeMobileTesting@5442a311]" name="setUp" is-config="true" duration-ms="12034" started-at="2019-07-29T17:11:29Z" finished-at="2019-07-29T17:11:41Z">
          <reporter-output>
          </reporter-output>
        </test-method> <!-- setUp -->
        <test-method status="PASS" signature="rough()[pri:0, instance:com.qait.MobileTesting.YoutubeMobileTesting@5442a311]" name="rough" duration-ms="12154" started-at="2019-07-29T17:11:41Z" finished-at="2019-07-29T17:11:53Z">
          <reporter-output>
          </reporter-output>
        </test-method> <!-- rough -->
        <test-method status="PASS" signature="teardown()[pri:0, instance:com.qait.MobileTesting.YoutubeMobileTesting@5442a311]" name="teardown" is-config="true" duration-ms="0" started-at="2019-07-29T17:11:53Z" finished-at="2019-07-29T17:11:53Z">
          <reporter-output>
          </reporter-output>
        </test-method> <!-- teardown -->
      </class> <!-- com.qait.MobileTesting.YoutubeMobileTesting -->
    </test> <!-- Default test -->
  </suite> <!-- Default suite -->
</testng-results>
